WorkingRawTemplate/pepperAppv3/app/build/intermediates/manifest_merge_blame_file/debug/manifest-merger-blame-debug-report.txt
1<?xml version="1.0" encoding="utf-8"?>
2<manifest xmlns:android="http://schemas.android.com/apk/res/android"
3    package="com.bschwertfeger.pepperappv3"
4    android:versionCode="1"
5    android:versionName="1.0" >
6
7    <uses-sdk
8        android:minSdkVersion="23"
8-->src\main\AndroidManifest.xml
9        android:targetSdkVersion="31" />
9-->src\main\AndroidManifest.xml
10
11    <uses-feature android:name="com.softbank.hardware.pepper" />
11-->src\main\AndroidManifest.xml:23:5-64
11-->src\main\AndroidManifest.xml:23:19-62
12
13    <uses-permission android:name="com.aldebaran.permission.ROBOT" />
13-->[com.aldebaran:qisdk:1.7.5] AndroidManifest.xml:10:5-70
13-->[com.aldebaran:qisdk:1.7.5] AndroidManifest.xml:10:22-67
14    <uses-permission android:name="android.permission.INTERNET" />
14-->[com.aldebaran:qisdk:1.7.5] AndroidManifest.xml:11:5-67
14-->[com.aldebaran:qisdk:1.7.5] AndroidManifest.xml:11:22-64
15
16    <application
16-->src\main\AndroidManifest.xml:5:5-21:19
17        android:allowBackup="true"
17-->src\main\AndroidManifest.xml:6:9-35
18        android:appComponentFactory="androidx.core.app.CoreComponentFactory"
18-->[androidx.core:core:1.5.0] AndroidManifest.xml:24:18-86
19        android:debuggable="true"
20        android:extractNativeLibs="false"
21        android:icon="@mipmap/ic_launcher"
21-->src\main\AndroidManifest.xml:7:9-43
22        android:label="@string/app_name"
22-->src\main\AndroidManifest.xml:8:9-41
23        android:roundIcon="@mipmap/ic_launcher_round"
23-->src\main\AndroidManifest.xml:9:9-54
24        android:supportsRtl="true"
24-->src\main\AndroidManifest.xml:10:9-35
25        android:testOnly="true"
26        android:theme="@style/Theme.PepperAppv3" >
26-->src\main\AndroidManifest.xml:11:9-49
27        <activity
27-->src\main\AndroidManifest.xml:12:9-20:20
28            android:name="com.bschwertfeger.pepperappv3.MainActivity"
28-->src\main\AndroidManifest.xml:13:13-41
29            android:exported="true" >
29-->src\main\AndroidManifest.xml:14:13-36
30            <intent-filter>
30-->src\main\AndroidManifest.xml:15:13-19:29
31                <action android:name="android.intent.action.MAIN" />
31-->src\main\AndroidManifest.xml:16:17-69
31-->src\main\AndroidManifest.xml:16:25-66
32
33                <category android:name="android.intent.category.LAUNCHER" />
33-->src\main\AndroidManifest.xml:18:17-77
33-->src\main\AndroidManifest.xml:18:27-74
34            </intent-filter>
35        </activity>
36
37        <meta-data
37-->[com.aldebaran:qisdk:1.7.5] AndroidManifest.xml:16:9-18:53
38            android:name="qisdk_version"
38-->[com.aldebaran:qisdk:1.7.5] AndroidManifest.xml:17:13-41
39            android:value="@string/qisdk_version" />
39-->[com.aldebaran:qisdk:1.7.5] AndroidManifest.xml:18:13-50
40    </application>
41
42</manifest>